{"devicePlatform":"","logFolder":"/Users/eklooster/git/KatalonGit/Reports/New Test Suite/20170907_164132","runData":{"hostName":"eklooster - 10.10.101.224","os":"Mac OS X 64bit","katalonVersion":"4.8.0.2","browser":"Chrome 60.0.3112.113","hostAddress":"10.10.101.224","sessionId":"7fb60919cf15e94ad0e0fe513c70246d","seleniumVersion":"2.53.0","proxyInformation":"ProxyInformation{proxyOption\u003dNO_PROXY, proxyServerType\u003dHTTP, password\u003d, proxyServerAddress\u003d, proxyServerPort\u003d0}","platform":"Mac OS X"},"type":"TEST_SUITE","name":"New Test Suite","id":"Test Suites/New Test Suite","source":"","message":"Test Cases/Test 1 FAILED because (of) Unable to click on object \u0027Object Repository/a_Dames (1)\u0027 (Root cause: org.openqa.selenium.ElementNotVisibleException: element not visible\n  (Session info: chrome\u003d60.0.3112.113)\n  (Driver info: chromedriver\u003d2.31.488774 (7e15618d1bf16df8bf0ecf2914ed1964a387ba0b),platform\u003dMac OS X 10.12.6 x86_64) (WARNING: The server did not provide any stacktrace information)\nCommand duration or timeout: 29 milliseconds\nBuild info: version: \u00272.53.0\u0027, revision: \u002735ae25b\u0027, time: \u00272016-03-15 17:00:58\u0027\nSystem info: host: \u0027pc160.local\u0027, ip: \u002710.10.101.224\u0027, os.name: \u0027Mac OS X\u0027, os.arch: \u0027x86_64\u0027, os.version: \u002710.12.6\u0027, java.version: \u00271.8.0_102\u0027\nDriver info: com.kms.katalon.selenium.driver.CChromeDriver\nCapabilities [{applicationCacheEnabled\u003dfalse, rotatable\u003dfalse, mobileEmulationEnabled\u003dfalse, networkConnectionEnabled\u003dfalse, chrome\u003d{chromedriverVersion\u003d2.31.488774 (7e15618d1bf16df8bf0ecf2914ed1964a387ba0b), userDataDir\u003d/var/folders/5w/pv9jkr412v916j7pr2stg1lh0000gn/T/.org.chromium.Chromium.hFCdOG}, takesHeapSnapshot\u003dtrue, pageLoadStrategy\u003dnormal, databaseEnabled\u003dfalse, handlesAlerts\u003dtrue, hasTouchScreen\u003dfalse, version\u003d60.0.3112.113, platform\u003dMAC, browserConnectionEnabled\u003dfalse, nativeEvents\u003dtrue, acceptSslCerts\u003dtrue, locationContextEnabled\u003dtrue, webStorageEnabled\u003dtrue, browserName\u003dchrome, takesScreenshot\u003dtrue, javascriptEnabled\u003dtrue, cssSelectorsEnabled\u003dtrue, setWindowRect\u003dtrue, unexpectedAlertBehaviour\u003d}]\nSession ID: 7fb60919cf15e94ad0e0fe513c70246d)","description":"","startTime":1504795304305,"endTime":1504795334898,"childRecords":[{"isOptional":false,"type":"TEST_CASE","name":"Test Cases/Test 2","id":"Test Cases/Test 2","source":"\\\\Users\\\\eklooster\\\\git\\\\KatalonGitTest Cases\\\\Test 2.tc","message":"Test Cases/Test 2","description":"","startTime":1504795304569,"endTime":1504795310764,"childRecords":[{"testStatus":{"stackTrace":"","statusValue":"INFO"},"type":"MESSAGE","name":"","message":"Evaluating variables for test case","startTime":1504795304664,"endTime":0,"childRecords":[],"interuppted":false},{"index":1,"isIgnoredIfFailed":false,"type":"TEST_STEP","name":"openBrowser","message":"Browser is opened with url: \u0027\u0027","description":"","startTime":1504795304930,"endTime":1504795306937,"childRecords":[{"testStatus":{"stackTrace":"","statusValue":"PASSED"},"type":"MESSAGE","name":"","message":"Browser is opened with url: \u0027\u0027","startTime":1504795306936,"endTime":0,"childRecords":[],"interuppted":false}],"interuppted":false},{"index":2,"isIgnoredIfFailed":false,"type":"TEST_STEP","name":"navigateToUrl","message":"Navigate to \u0027https://www.vantilburgonline.nl/\u0027 successfully","description":"","startTime":1504795306937,"endTime":1504795309024,"childRecords":[{"testStatus":{"stackTrace":"","statusValue":"PASSED"},"type":"MESSAGE","name":"","message":"Navigate to \u0027https://www.vantilburgonline.nl/\u0027 successfully","startTime":1504795309023,"endTime":0,"childRecords":[],"interuppted":false}],"interuppted":false},{"index":3,"isIgnoredIfFailed":false,"type":"TEST_STEP","name":"click","message":"Object: \u0027Object Repository/a_Dames\u0027 is clicked on","description":"","startTime":1504795309025,"endTime":1504795310661,"childRecords":[{"testStatus":{"stackTrace":"","statusValue":"PASSED"},"type":"MESSAGE","name":"","message":"Object: \u0027Object Repository/a_Dames\u0027 is clicked on","startTime":1504795310661,"endTime":0,"childRecords":[],"interuppted":false}],"interuppted":false},{"index":4,"isIgnoredIfFailed":false,"type":"TEST_STEP","name":"closeBrowser","message":"Browser is closed","description":"","startTime":1504795310662,"endTime":1504795310763,"childRecords":[{"testStatus":{"stackTrace":"","statusValue":"PASSED"},"type":"MESSAGE","name":"","message":"Browser is closed","startTime":1504795310763,"endTime":0,"childRecords":[],"interuppted":false}],"interuppted":false},{"testStatus":{"stackTrace":"","statusValue":"PASSED"},"type":"MESSAGE","name":"","message":"Test Cases/Test 2","startTime":1504795310764,"endTime":0,"childRecords":[],"interuppted":false}],"interuppted":false},{"isOptional":false,"type":"TEST_CASE","name":"Test Cases/Test 1","id":"Test Cases/Test 1","source":"\\\\Users\\\\eklooster\\\\git\\\\KatalonGitTest Cases\\\\Test 1.tc","message":"Test Cases/Test 1 FAILED because (of) Unable to click on object \u0027Object Repository/a_Dames (1)\u0027 (Root cause: org.openqa.selenium.ElementNotVisibleException: element not visible\n  (Session info: chrome\u003d60.0.3112.113)\n  (Driver info: chromedriver\u003d2.31.488774 (7e15618d1bf16df8bf0ecf2914ed1964a387ba0b),platform\u003dMac OS X 10.12.6 x86_64) (WARNING: The server did not provide any stacktrace information)\nCommand duration or timeout: 29 milliseconds\nBuild info: version: \u00272.53.0\u0027, revision: \u002735ae25b\u0027, time: \u00272016-03-15 17:00:58\u0027\nSystem info: host: \u0027pc160.local\u0027, ip: \u002710.10.101.224\u0027, os.name: \u0027Mac OS X\u0027, os.arch: \u0027x86_64\u0027, os.version: \u002710.12.6\u0027, java.version: \u00271.8.0_102\u0027\nDriver info: com.kms.katalon.selenium.driver.CChromeDriver\nCapabilities [{applicationCacheEnabled\u003dfalse, rotatable\u003dfalse, mobileEmulationEnabled\u003dfalse, networkConnectionEnabled\u003dfalse, chrome\u003d{chromedriverVersion\u003d2.31.488774 (7e15618d1bf16df8bf0ecf2914ed1964a387ba0b), userDataDir\u003d/var/folders/5w/pv9jkr412v916j7pr2stg1lh0000gn/T/.org.chromium.Chromium.hFCdOG}, takesHeapSnapshot\u003dtrue, pageLoadStrategy\u003dnormal, databaseEnabled\u003dfalse, handlesAlerts\u003dtrue, hasTouchScreen\u003dfalse, version\u003d60.0.3112.113, platform\u003dMAC, browserConnectionEnabled\u003dfalse, nativeEvents\u003dtrue, acceptSslCerts\u003dtrue, locationContextEnabled\u003dtrue, webStorageEnabled\u003dtrue, browserName\u003dchrome, takesScreenshot\u003dtrue, javascriptEnabled\u003dtrue, cssSelectorsEnabled\u003dtrue, setWindowRect\u003dtrue, unexpectedAlertBehaviour\u003d}]\nSession ID: 7fb60919cf15e94ad0e0fe513c70246d)","description":"","startTime":1504795310824,"endTime":1504795334796,"childRecords":[{"testStatus":{"stackTrace":"","statusValue":"INFO"},"type":"MESSAGE","name":"","message":"Evaluating variables for test case","startTime":1504795310839,"endTime":0,"childRecords":[],"interuppted":false},{"index":1,"isIgnoredIfFailed":false,"type":"TEST_STEP","name":"openBrowser","message":"Browser is opened with url: \u0027\u0027","description":"","startTime":1504795310945,"endTime":1504795311929,"childRecords":[{"testStatus":{"stackTrace":"","statusValue":"PASSED"},"type":"MESSAGE","name":"","message":"Browser is opened with url: \u0027\u0027","startTime":1504795311928,"endTime":0,"childRecords":[],"interuppted":false}],"interuppted":false},{"index":2,"isIgnoredIfFailed":false,"type":"TEST_STEP","name":"navigateToUrl","message":"Navigate to \u0027https://www.spacsport.nl/\u0027 successfully","description":"","startTime":1504795311929,"endTime":1504795313011,"childRecords":[{"testStatus":{"stackTrace":"","statusValue":"PASSED"},"type":"MESSAGE","name":"","message":"Navigate to \u0027https://www.spacsport.nl/\u0027 successfully","startTime":1504795313010,"endTime":0,"childRecords":[],"interuppted":false}],"interuppted":false},{"attachment":"1504795333947.png","index":3,"isIgnoredIfFailed":false,"type":"TEST_STEP","name":"click","message":"Unable to click on object \u0027Object Repository/a_Dames (1)\u0027 (Root cause: org.openqa.selenium.ElementNotVisibleException: element not visible\n  (Session info: chrome\u003d60.0.3112.113)\n  (Driver info: chromedriver\u003d2.31.488774 (7e15618d1bf16df8bf0ecf2914ed1964a387ba0b),platform\u003dMac OS X 10.12.6 x86_64) (WARNING: The server did not provide any stacktrace information)\nCommand duration or timeout: 29 milliseconds\nBuild info: version: \u00272.53.0\u0027, revision: \u002735ae25b\u0027, time: \u00272016-03-15 17:00:58\u0027\nSystem info: host: \u0027pc160.local\u0027, ip: \u002710.10.101.224\u0027, os.name: \u0027Mac OS X\u0027, os.arch: \u0027x86_64\u0027, os.version: \u002710.12.6\u0027, java.version: \u00271.8.0_102\u0027\nDriver info: com.kms.katalon.selenium.driver.CChromeDriver\nCapabilities [{applicationCacheEnabled\u003dfalse, rotatable\u003dfalse, mobileEmulationEnabled\u003dfalse, networkConnectionEnabled\u003dfalse, chrome\u003d{chromedriverVersion\u003d2.31.488774 (7e15618d1bf16df8bf0ecf2914ed1964a387ba0b), userDataDir\u003d/var/folders/5w/pv9jkr412v916j7pr2stg1lh0000gn/T/.org.chromium.Chromium.hFCdOG}, takesHeapSnapshot\u003dtrue, pageLoadStrategy\u003dnormal, databaseEnabled\u003dfalse, handlesAlerts\u003dtrue, hasTouchScreen\u003dfalse, version\u003d60.0.3112.113, platform\u003dMAC, browserConnectionEnabled\u003dfalse, nativeEvents\u003dtrue, acceptSslCerts\u003dtrue, locationContextEnabled\u003dtrue, webStorageEnabled\u003dtrue, browserName\u003dchrome, takesScreenshot\u003dtrue, javascriptEnabled\u003dtrue, cssSelectorsEnabled\u003dtrue, setWindowRect\u003dtrue, unexpectedAlertBehaviour\u003d}]\nSession ID: 7fb60919cf15e94ad0e0fe513c70246d)","description":"","startTime":1504795313011,"endTime":1504795334794,"childRecords":[{"testStatus":{"stackTrace":"","statusValue":"FAILED"},"attachment":"1504795333947.png","type":"MESSAGE","name":"","message":"Unable to click on object \u0027Object Repository/a_Dames (1)\u0027 (Root cause: org.openqa.selenium.ElementNotVisibleException: element not visible\n  (Session info: chrome\u003d60.0.3112.113)\n  (Driver info: chromedriver\u003d2.31.488774 (7e15618d1bf16df8bf0ecf2914ed1964a387ba0b),platform\u003dMac OS X 10.12.6 x86_64) (WARNING: The server did not provide any stacktrace information)\nCommand duration or timeout: 29 milliseconds\nBuild info: version: \u00272.53.0\u0027, revision: \u002735ae25b\u0027, time: \u00272016-03-15 17:00:58\u0027\nSystem info: host: \u0027pc160.local\u0027, ip: \u002710.10.101.224\u0027, os.name: \u0027Mac OS X\u0027, os.arch: \u0027x86_64\u0027, os.version: \u002710.12.6\u0027, java.version: \u00271.8.0_102\u0027\nDriver info: com.kms.katalon.selenium.driver.CChromeDriver\nCapabilities [{applicationCacheEnabled\u003dfalse, rotatable\u003dfalse, mobileEmulationEnabled\u003dfalse, networkConnectionEnabled\u003dfalse, chrome\u003d{chromedriverVersion\u003d2.31.488774 (7e15618d1bf16df8bf0ecf2914ed1964a387ba0b), userDataDir\u003d/var/folders/5w/pv9jkr412v916j7pr2stg1lh0000gn/T/.org.chromium.Chromium.hFCdOG}, takesHeapSnapshot\u003dtrue, pageLoadStrategy\u003dnormal, databaseEnabled\u003dfalse, handlesAlerts\u003dtrue, hasTouchScreen\u003dfalse, version\u003d60.0.3112.113, platform\u003dMAC, browserConnectionEnabled\u003dfalse, nativeEvents\u003dtrue, acceptSslCerts\u003dtrue, locationContextEnabled\u003dtrue, webStorageEnabled\u003dtrue, browserName\u003dchrome, takesScreenshot\u003dtrue, javascriptEnabled\u003dtrue, cssSelectorsEnabled\u003dtrue, setWindowRect\u003dtrue, unexpectedAlertBehaviour\u003d}]\nSession ID: 7fb60919cf15e94ad0e0fe513c70246d)","startTime":1504795334793,"endTime":0,"childRecords":[],"interuppted":false}],"interuppted":false},{"testStatus":{"stackTrace":"","statusValue":"FAILED"},"type":"MESSAGE","name":"","message":"Test Cases/Test 1 FAILED because (of) Unable to click on object \u0027Object Repository/a_Dames (1)\u0027 (Root cause: org.openqa.selenium.ElementNotVisibleException: element not visible\n  (Session info: chrome\u003d60.0.3112.113)\n  (Driver info: chromedriver\u003d2.31.488774 (7e15618d1bf16df8bf0ecf2914ed1964a387ba0b),platform\u003dMac OS X 10.12.6 x86_64) (WARNING: The server did not provide any stacktrace information)\nCommand duration or timeout: 29 milliseconds\nBuild info: version: \u00272.53.0\u0027, revision: \u002735ae25b\u0027, time: \u00272016-03-15 17:00:58\u0027\nSystem info: host: \u0027pc160.local\u0027, ip: \u002710.10.101.224\u0027, os.name: \u0027Mac OS X\u0027, os.arch: \u0027x86_64\u0027, os.version: \u002710.12.6\u0027, java.version: \u00271.8.0_102\u0027\nDriver info: com.kms.katalon.selenium.driver.CChromeDriver\nCapabilities [{applicationCacheEnabled\u003dfalse, rotatable\u003dfalse, mobileEmulationEnabled\u003dfalse, networkConnectionEnabled\u003dfalse, chrome\u003d{chromedriverVersion\u003d2.31.488774 (7e15618d1bf16df8bf0ecf2914ed1964a387ba0b), userDataDir\u003d/var/folders/5w/pv9jkr412v916j7pr2stg1lh0000gn/T/.org.chromium.Chromium.hFCdOG}, takesHeapSnapshot\u003dtrue, pageLoadStrategy\u003dnormal, databaseEnabled\u003dfalse, handlesAlerts\u003dtrue, hasTouchScreen\u003dfalse, version\u003d60.0.3112.113, platform\u003dMAC, browserConnectionEnabled\u003dfalse, nativeEvents\u003dtrue, acceptSslCerts\u003dtrue, locationContextEnabled\u003dtrue, webStorageEnabled\u003dtrue, browserName\u003dchrome, takesScreenshot\u003dtrue, javascriptEnabled\u003dtrue, cssSelectorsEnabled\u003dtrue, setWindowRect\u003dtrue, unexpectedAlertBehaviour\u003d}]\nSession ID: 7fb60919cf15e94ad0e0fe513c70246d)","startTime":1504795334794,"endTime":0,"childRecords":[],"interuppted":false}],"interuppted":false}],"interuppted":false}