<?xml version="1.0" encoding="UTF-8"?>
<testsuites name="New Test Suite" time="33" tests="1" failures="1" errors="0">
   <testsuite name="New Test Suite" tests="1" failures="1" errors="0" time="33" timestamp="2017-09-07 16:30:37" hostname="eklooster - 10.10.101.224" id="Test Suites/New Test Suite">
      <properties>
         <property name="deviceName" value=""/>
         <property name="devicePlatform" value=""/>
         <property name="logFolder" value="/Users/eklooster/git/KatalonGit/Reports/New Test Suite/20170907_163025"/>
         <property name="logFiles" value="/Users/eklooster/git/KatalonGit/Reports/New Test Suite/20170907_163025/execution0.log"/>
         <property name="attachments" value="/Users/eklooster/git/KatalonGit/Reports/New Test Suite/20170907_163025/1504794669375.png"/>
         <property name="hostName" value="eklooster - 10.10.101.224"/>
         <property name="os" value="Mac OS X 64bit"/>
         <property name="katalonVersion" value="4.8.0.2"/>
         <property name="browser" value="Chrome 60.0.3112.113"/>
         <property name="hostAddress" value="10.10.101.224"/>
         <property name="sessionId" value="3ab5d56179684ae3a2969dce0f247090"/>
         <property name="seleniumVersion" value="2.53.0"/>
         <property name="proxyInformation" value="ProxyInformation{proxyOption=NO_PROXY, proxyServerType=HTTP, password=, proxyServerAddress=, proxyServerPort=0}"/>
         <property name="platform" value="Mac OS X"/>
      </properties>
      <testcase name="Test Cases/Test 2" classname="Test Cases/Test 2" status="PASSED">
         <system-out><![CDATA[2017-09-07 16:30:37 - [TEST_CASE][PASSED] - Test Cases/Test 2: Test Cases/Test 2

2017-09-07 16:30:37 - [TEST_STEP][PASSED] - openBrowser: Browser is opened with url: ''

2017-09-07 16:30:40 - [MESSAGE][PASSED] - Browser is opened with url: ''

2017-09-07 16:30:40 - [TEST_STEP][PASSED] - navigateToUrl: Navigate to 'https://www.vantilburgonline.nl/' successfully

2017-09-07 16:30:43 - [MESSAGE][PASSED] - Navigate to 'https://www.vantilburgonline.nl/' successfully

2017-09-07 16:30:43 - [TEST_STEP][PASSED] - click: Object: 'Object Repository/a_Dames' is clicked on

2017-09-07 16:30:45 - [MESSAGE][PASSED] - Object: 'Object Repository/a_Dames' is clicked on

2017-09-07 16:30:45 - [TEST_STEP][PASSED] - closeBrowser: Browser is closed

2017-09-07 16:30:45 - [MESSAGE][PASSED] - Browser is closed]]></system-out>
         <system-err><![CDATA[]]></system-err>
      </testcase>
      <testcase name="Test Cases/Test 1" classname="Test Cases/Test 1" status="FAILED">
         <failure type="FAILED" message="Unable to click on object 'Object Repository/a_Dames (1)' (Root cause: org.openqa.selenium.ElementNotVisibleException: element not visible
  (Session info: chrome=60.0.3112.113)
  (Driver info: chromedriver=2.31.488774 (7e15618d1bf16df8bf0ecf2914ed1964a387ba0b),platform=Mac OS X 10.12.6 x86_64) (WARNING: The server did not provide any stacktrace information)
Command duration or timeout: 36 milliseconds
Build info: version: '2.53.0', revision: '35ae25b', time: '2016-03-15 17:00:58'
System info: host: 'pc160.local', ip: '10.10.101.224', os.name: 'Mac OS X', os.arch: 'x86_64', os.version: '10.12.6', java.version: '1.8.0_102'
Driver info: com.kms.katalon.selenium.driver.CChromeDriver
Capabilities [{applicationCacheEnabled=false, rotatable=false, mobileEmulationEnabled=false, networkConnectionEnabled=false, chrome={chromedriverVersion=2.31.488774 (7e15618d1bf16df8bf0ecf2914ed1964a387ba0b), userDataDir=/var/folders/5w/pv9jkr412v916j7pr2stg1lh0000gn/T/.org.chromium.Chromium.7c6m8V}, takesHeapSnapshot=true, pageLoadStrategy=normal, databaseEnabled=false, handlesAlerts=true, hasTouchScreen=false, version=60.0.3112.113, platform=MAC, browserConnectionEnabled=false, nativeEvents=true, acceptSslCerts=true, locationContextEnabled=true, webStorageEnabled=true, browserName=chrome, takesScreenshot=true, javascriptEnabled=true, cssSelectorsEnabled=true, setWindowRect=true, unexpectedAlertBehaviour=}]
Session ID: 3ab5d56179684ae3a2969dce0f247090)"/>
         <system-out><![CDATA[2017-09-07 16:30:45 - [TEST_CASE][FAILED] - Test Cases/Test 1: Test Cases/Test 1 FAILED because (of) Unable to click on object 'Object Repository/a_Dames (1)' (Root cause: org.openqa.selenium.ElementNotVisibleException: element not visible
  (Session info: chrome=60.0.3112.113)
  (Driver info: chromedriver=2.31.488774 (7e15618d1bf16df8bf0ecf2914ed1964a387ba0b),platform=Mac OS X 10.12.6 x86_64) (WARNING: The server did not provide any stacktrace information)
Command duration or timeout: 36 milliseconds
Build info: version: '2.53.0', revision: '35ae25b', time: '2016-03-15 17:00:58'
System info: host: 'pc160.local', ip: '10.10.101.224', os.name: 'Mac OS X', os.arch: 'x86_64', os.version: '10.12.6', java.version: '1.8.0_102'
Driver info: com.kms.katalon.selenium.driver.CChromeDriver
Capabilities [{applicationCacheEnabled=false, rotatable=false, mobileEmulationEnabled=false, networkConnectionEnabled=false, chrome={chromedriverVersion=2.31.488774 (7e15618d1bf16df8bf0ecf2914ed1964a387ba0b), userDataDir=/var/folders/5w/pv9jkr412v916j7pr2stg1lh0000gn/T/.org.chromium.Chromium.7c6m8V}, takesHeapSnapshot=true, pageLoadStrategy=normal, databaseEnabled=false, handlesAlerts=true, hasTouchScreen=false, version=60.0.3112.113, platform=MAC, browserConnectionEnabled=false, nativeEvents=true, acceptSslCerts=true, locationContextEnabled=true, webStorageEnabled=true, browserName=chrome, takesScreenshot=true, javascriptEnabled=true, cssSelectorsEnabled=true, setWindowRect=true, unexpectedAlertBehaviour=}]
Session ID: 3ab5d56179684ae3a2969dce0f247090)

2017-09-07 16:30:45 - [TEST_STEP][PASSED] - openBrowser: Browser is opened with url: ''

2017-09-07 16:30:46 - [MESSAGE][PASSED] - Browser is opened with url: ''

2017-09-07 16:30:46 - [TEST_STEP][PASSED] - navigateToUrl: Navigate to 'https://www.spacsport.nl/' successfully

2017-09-07 16:30:48 - [MESSAGE][PASSED] - Navigate to 'https://www.spacsport.nl/' successfully

2017-09-07 16:30:48 - [TEST_STEP][FAILED] - click: Unable to click on object 'Object Repository/a_Dames (1)' (Root cause: org.openqa.selenium.ElementNotVisibleException: element not visible
  (Session info: chrome=60.0.3112.113)
  (Driver info: chromedriver=2.31.488774 (7e15618d1bf16df8bf0ecf2914ed1964a387ba0b),platform=Mac OS X 10.12.6 x86_64) (WARNING: The server did not provide any stacktrace information)
Command duration or timeout: 36 milliseconds
Build info: version: '2.53.0', revision: '35ae25b', time: '2016-03-15 17:00:58'
System info: host: 'pc160.local', ip: '10.10.101.224', os.name: 'Mac OS X', os.arch: 'x86_64', os.version: '10.12.6', java.version: '1.8.0_102'
Driver info: com.kms.katalon.selenium.driver.CChromeDriver
Capabilities [{applicationCacheEnabled=false, rotatable=false, mobileEmulationEnabled=false, networkConnectionEnabled=false, chrome={chromedriverVersion=2.31.488774 (7e15618d1bf16df8bf0ecf2914ed1964a387ba0b), userDataDir=/var/folders/5w/pv9jkr412v916j7pr2stg1lh0000gn/T/.org.chromium.Chromium.7c6m8V}, takesHeapSnapshot=true, pageLoadStrategy=normal, databaseEnabled=false, handlesAlerts=true, hasTouchScreen=false, version=60.0.3112.113, platform=MAC, browserConnectionEnabled=false, nativeEvents=true, acceptSslCerts=true, locationContextEnabled=true, webStorageEnabled=true, browserName=chrome, takesScreenshot=true, javascriptEnabled=true, cssSelectorsEnabled=true, setWindowRect=true, unexpectedAlertBehaviour=}]
Session ID: 3ab5d56179684ae3a2969dce0f247090)

2017-09-07 16:31:10 - [MESSAGE][FAILED] - Unable to click on object 'Object Repository/a_Dames (1)' (Root cause: org.openqa.selenium.ElementNotVisibleException: element not visible
  (Session info: chrome=60.0.3112.113)
  (Driver info: chromedriver=2.31.488774 (7e15618d1bf16df8bf0ecf2914ed1964a387ba0b),platform=Mac OS X 10.12.6 x86_64) (WARNING: The server did not provide any stacktrace information)
Command duration or timeout: 36 milliseconds
Build info: version: '2.53.0', revision: '35ae25b', time: '2016-03-15 17:00:58'
System info: host: 'pc160.local', ip: '10.10.101.224', os.name: 'Mac OS X', os.arch: 'x86_64', os.version: '10.12.6', java.version: '1.8.0_102'
Driver info: com.kms.katalon.selenium.driver.CChromeDriver
Capabilities [{applicationCacheEnabled=false, rotatable=false, mobileEmulationEnabled=false, networkConnectionEnabled=false, chrome={chromedriverVersion=2.31.488774 (7e15618d1bf16df8bf0ecf2914ed1964a387ba0b), userDataDir=/var/folders/5w/pv9jkr412v916j7pr2stg1lh0000gn/T/.org.chromium.Chromium.7c6m8V}, takesHeapSnapshot=true, pageLoadStrategy=normal, databaseEnabled=false, handlesAlerts=true, hasTouchScreen=false, version=60.0.3112.113, platform=MAC, browserConnectionEnabled=false, nativeEvents=true, acceptSslCerts=true, locationContextEnabled=true, webStorageEnabled=true, browserName=chrome, takesScreenshot=true, javascriptEnabled=true, cssSelectorsEnabled=true, setWindowRect=true, unexpectedAlertBehaviour=}]
Session ID: 3ab5d56179684ae3a2969dce0f247090)
[[ATTACHMENT|/Users/eklooster/git/KatalonGit/Reports/New Test Suite/20170907_163025/1504794669375.png]]]]></system-out>
         <system-err><![CDATA[2017-09-07 16:30:45 - [TEST_CASE][FAILED] - Test Cases/Test 1: Test Cases/Test 1 FAILED because (of) Unable to click on object 'Object Repository/a_Dames (1)' (Root cause: org.openqa.selenium.ElementNotVisibleException: element not visible
  (Session info: chrome=60.0.3112.113)
  (Driver info: chromedriver=2.31.488774 (7e15618d1bf16df8bf0ecf2914ed1964a387ba0b),platform=Mac OS X 10.12.6 x86_64) (WARNING: The server did not provide any stacktrace information)
Command duration or timeout: 36 milliseconds
Build info: version: '2.53.0', revision: '35ae25b', time: '2016-03-15 17:00:58'
System info: host: 'pc160.local', ip: '10.10.101.224', os.name: 'Mac OS X', os.arch: 'x86_64', os.version: '10.12.6', java.version: '1.8.0_102'
Driver info: com.kms.katalon.selenium.driver.CChromeDriver
Capabilities [{applicationCacheEnabled=false, rotatable=false, mobileEmulationEnabled=false, networkConnectionEnabled=false, chrome={chromedriverVersion=2.31.488774 (7e15618d1bf16df8bf0ecf2914ed1964a387ba0b), userDataDir=/var/folders/5w/pv9jkr412v916j7pr2stg1lh0000gn/T/.org.chromium.Chromium.7c6m8V}, takesHeapSnapshot=true, pageLoadStrategy=normal, databaseEnabled=false, handlesAlerts=true, hasTouchScreen=false, version=60.0.3112.113, platform=MAC, browserConnectionEnabled=false, nativeEvents=true, acceptSslCerts=true, locationContextEnabled=true, webStorageEnabled=true, browserName=chrome, takesScreenshot=true, javascriptEnabled=true, cssSelectorsEnabled=true, setWindowRect=true, unexpectedAlertBehaviour=}]
Session ID: 3ab5d56179684ae3a2969dce0f247090)]]></system-err>
      </testcase>
      <system-out><![CDATA[2017-09-07 16:30:37 - [TEST_SUITE][FAILED] - New Test Suite: Test Cases/Test 1 FAILED because (of) Unable to click on object 'Object Repository/a_Dames (1)' (Root cause: org.openqa.selenium.ElementNotVisibleException: element not visible
  (Session info: chrome=60.0.3112.113)
  (Driver info: chromedriver=2.31.488774 (7e15618d1bf16df8bf0ecf2914ed1964a387ba0b),platform=Mac OS X 10.12.6 x86_64) (WARNING: The server did not provide any stacktrace information)
Command duration or timeout: 36 milliseconds
Build info: version: '2.53.0', revision: '35ae25b', time: '2016-03-15 17:00:58'
System info: host: 'pc160.local', ip: '10.10.101.224', os.name: 'Mac OS X', os.arch: 'x86_64', os.version: '10.12.6', java.version: '1.8.0_102'
Driver info: com.kms.katalon.selenium.driver.CChromeDriver
Capabilities [{applicationCacheEnabled=false, rotatable=false, mobileEmulationEnabled=false, networkConnectionEnabled=false, chrome={chromedriverVersion=2.31.488774 (7e15618d1bf16df8bf0ecf2914ed1964a387ba0b), userDataDir=/var/folders/5w/pv9jkr412v916j7pr2stg1lh0000gn/T/.org.chromium.Chromium.7c6m8V}, takesHeapSnapshot=true, pageLoadStrategy=normal, databaseEnabled=false, handlesAlerts=true, hasTouchScreen=false, version=60.0.3112.113, platform=MAC, browserConnectionEnabled=false, nativeEvents=true, acceptSslCerts=true, locationContextEnabled=true, webStorageEnabled=true, browserName=chrome, takesScreenshot=true, javascriptEnabled=true, cssSelectorsEnabled=true, setWindowRect=true, unexpectedAlertBehaviour=}]
Session ID: 3ab5d56179684ae3a2969dce0f247090)]]></system-out>
      <system-err><![CDATA[2017-09-07 16:30:37 - [TEST_SUITE][FAILED] - New Test Suite: Test Cases/Test 1 FAILED because (of) Unable to click on object 'Object Repository/a_Dames (1)' (Root cause: org.openqa.selenium.ElementNotVisibleException: element not visible
  (Session info: chrome=60.0.3112.113)
  (Driver info: chromedriver=2.31.488774 (7e15618d1bf16df8bf0ecf2914ed1964a387ba0b),platform=Mac OS X 10.12.6 x86_64) (WARNING: The server did not provide any stacktrace information)
Command duration or timeout: 36 milliseconds
Build info: version: '2.53.0', revision: '35ae25b', time: '2016-03-15 17:00:58'
System info: host: 'pc160.local', ip: '10.10.101.224', os.name: 'Mac OS X', os.arch: 'x86_64', os.version: '10.12.6', java.version: '1.8.0_102'
Driver info: com.kms.katalon.selenium.driver.CChromeDriver
Capabilities [{applicationCacheEnabled=false, rotatable=false, mobileEmulationEnabled=false, networkConnectionEnabled=false, chrome={chromedriverVersion=2.31.488774 (7e15618d1bf16df8bf0ecf2914ed1964a387ba0b), userDataDir=/var/folders/5w/pv9jkr412v916j7pr2stg1lh0000gn/T/.org.chromium.Chromium.7c6m8V}, takesHeapSnapshot=true, pageLoadStrategy=normal, databaseEnabled=false, handlesAlerts=true, hasTouchScreen=false, version=60.0.3112.113, platform=MAC, browserConnectionEnabled=false, nativeEvents=true, acceptSslCerts=true, locationContextEnabled=true, webStorageEnabled=true, browserName=chrome, takesScreenshot=true, javascriptEnabled=true, cssSelectorsEnabled=true, setWindowRect=true, unexpectedAlertBehaviour=}]
Session ID: 3ab5d56179684ae3a2969dce0f247090)]]></system-err>
   </testsuite>
</testsuites>
